1666450449458	geckodriver	INFO	Listening on 127.0.0.1:63122
1666450450128	geckodriver	INFO	Listening on 127.0.0.1:63133
1666450451196	geckodriver	INFO	Listening on 127.0.0.1:63144
1666450452249	geckodriver	INFO	Listening on 127.0.0.1:63155
1666450453307	geckodriver	INFO	Listening on 127.0.0.1:63166
1666450502624	geckodriver	INFO	Listening on 127.0.0.1:63177
1666450502667	geckodriver	INFO	Listening on 127.0.0.1:63187
1666450503708	geckodriver	INFO	Listening on 127.0.0.1:63199
1666450504764	geckodriver	INFO	Listening on 127.0.0.1:63211
1666450505820	geckodriver	INFO	Listening on 127.0.0.1:63223
1666450580341	geckodriver	INFO	Listening on 127.0.0.1:63241
1666450580386	geckodriver	INFO	Listening on 127.0.0.1:63251
1666450581449	geckodriver	INFO	Listening on 127.0.0.1:63263
1666450582506	geckodriver	INFO	Listening on 127.0.0.1:63275
1666450583551	geckodriver	INFO	Listening on 127.0.0.1:63287
1666450604716	geckodriver	INFO	Listening on 127.0.0.1:63299
1666450604762	geckodriver	INFO	Listening on 127.0.0.1:63309
1666450605827	geckodriver	INFO	Listening on 127.0.0.1:63321
1666450606885	geckodriver	INFO	Listening on 127.0.0.1:63333
1666450607942	geckodriver	INFO	Listening on 127.0.0.1:63346
1666452477595	geckodriver	INFO	Listening on 127.0.0.1:64717
1666452477602	mozrunner::runner	INFO	Running command: "/Applications/Firefox.app/Contents/MacOS/firefox-bin" "--marionette" "-foreground" "-no-remote" "-profile" "/var/folders/np/s0xkx4r97_v77c5zr64r0fdm0000gn/T/rust_mozprofileNzYot8"
2022-10-22 18:27:57.854 plugin-container[6632:440972] nil host used in call to allowsSpecificHTTPSCertificateForHost
2022-10-22 18:27:57.854 plugin-container[6632:440972] nil host used in call to allowsAnyHTTPSCertificateForHost:
1666452477859	Marionette	INFO	Marionette enabled
2022-10-22 18:27:57.878 plugin-container[6632:440972] nil host used in call to allowsSpecificHTTPSCertificateForHost
2022-10-22 18:27:57.878 plugin-container[6632:440972] nil host used in call to allowsAnyHTTPSCertificateForHost:
2022-10-22 18:27:57.878 plugin-container[6632:440977] nil host used in call to allowsSpecificHTTPSCertificateForHost
2022-10-22 18:27:57.878 plugin-container[6632:440977] nil host used in call to allowsAnyHTTPSCertificateForHost:
1666452477882	Marionette	INFO	Listening on port 64726
Read port: 64726
1666452478032	RemoteAgent	WARN	TLS certificate errors will be ignored for this session
UNSUPPORTED (log once): POSSIBLE ISSUE: unit 1 GLD_TEXTURE_INDEX_2D is unloadable and bound to sampler type (Float) - using zero texture because texture unloadable
console.warn: SearchSettings: "get: No settings file exists, new profile?" (new NotFoundError("Could not open the file at /var/folders/np/s0xkx4r97_v77c5zr64r0fdm0000gn/T/rust_mozprofileNzYot8/search.json.mozlz4", (void 0)))
JavaScript error: http://selenium1py.pythonanywhere.com/ru/catalogue/the-shellcoders-handbook_209/?promo=midsummer, line 614: ReferenceError: oscar is not defined
1666452480205	Marionette	INFO	Stopped listening on port 64726
1666452480970	geckodriver	INFO	Listening on 127.0.0.1:64776
1666452481977	mozrunner::runner	INFO	Running command: "/Applications/Firefox.app/Contents/MacOS/firefox-bin" "--marionette" "-foreground" "-no-remote" "-profile" "/var/folders/np/s0xkx4r97_v77c5zr64r0fdm0000gn/T/rust_mozprofileOE5Zm8"
2022-10-22 18:28:02.222 plugin-container[6646:441327] nil host used in call to allowsSpecificHTTPSCertificateForHost
2022-10-22 18:28:02.223 plugin-container[6646:441327] nil host used in call to allowsAnyHTTPSCertificateForHost:
2022-10-22 18:28:02.225 plugin-container[6646:441327] nil host used in call to allowsSpecificHTTPSCertificateForHost
2022-10-22 18:28:02.225 plugin-container[6646:441327] nil host used in call to allowsAnyHTTPSCertificateForHost:
2022-10-22 18:28:02.225 plugin-container[6646:441330] nil host used in call to allowsSpecificHTTPSCertificateForHost
2022-10-22 18:28:02.225 plugin-container[6646:441330] nil host used in call to allowsAnyHTTPSCertificateForHost:
1666452482226	Marionette	INFO	Marionette enabled
1666452482247	Marionette	INFO	Listening on port 64787
Read port: 64787
1666452482354	RemoteAgent	WARN	TLS certificate errors will be ignored for this session
UNSUPPORTED (log once): POSSIBLE ISSUE: unit 1 GLD_TEXTURE_INDEX_2D is unloadable and bound to sampler type (Float) - using zero texture because texture unloadable
console.warn: SearchSettings: "get: No settings file exists, new profile?" (new NotFoundError("Could not open the file at /var/folders/np/s0xkx4r97_v77c5zr64r0fdm0000gn/T/rust_mozprofileOE5Zm8/search.json.mozlz4", (void 0)))
JavaScript error: http://selenium1py.pythonanywhere.com/ru/catalogue/the-shellcoders-handbook_209/?promo=midsummer, line 614: ReferenceError: oscar is not defined
1666452484479	Marionette	INFO	Stopped listening on port 64787
1666452485353	geckodriver	INFO	Listening on 127.0.0.1:64835
1666452486361	mozrunner::runner	INFO	Running command: "/Applications/Firefox.app/Contents/MacOS/firefox-bin" "--marionette" "-foreground" "-no-remote" "-profile" "/var/folders/np/s0xkx4r97_v77c5zr64r0fdm0000gn/T/rust_mozprofilexKl5xS"
2022-10-22 18:28:06.608 plugin-container[6659:441655] nil host used in call to allowsSpecificHTTPSCertificateForHost
2022-10-22 18:28:06.608 plugin-container[6659:441655] nil host used in call to allowsAnyHTTPSCertificateForHost:
2022-10-22 18:28:06.610 plugin-container[6659:441655] nil host used in call to allowsSpecificHTTPSCertificateForHost
2022-10-22 18:28:06.610 plugin-container[6659:441655] nil host used in call to allowsAnyHTTPSCertificateForHost:
2022-10-22 18:28:06.610 plugin-container[6659:441658] nil host used in call to allowsSpecificHTTPSCertificateForHost
2022-10-22 18:28:06.610 plugin-container[6659:441658] nil host used in call to allowsAnyHTTPSCertificateForHost:
1666452486614	Marionette	INFO	Marionette enabled
1666452486637	Marionette	INFO	Listening on port 64846
Read port: 64846
1666452486740	RemoteAgent	WARN	TLS certificate errors will be ignored for this session
UNSUPPORTED (log once): POSSIBLE ISSUE: unit 1 GLD_TEXTURE_INDEX_2D is unloadable and bound to sampler type (Float) - using zero texture because texture unloadable
console.warn: SearchSettings: "get: No settings file exists, new profile?" (new NotFoundError("Could not open the file at /var/folders/np/s0xkx4r97_v77c5zr64r0fdm0000gn/T/rust_mozprofilexKl5xS/search.json.mozlz4", (void 0)))
JavaScript error: http://selenium1py.pythonanywhere.com/en-gb/accounts/login/, line 624: ReferenceError: oscar is not defined
1666452488570	Marionette	INFO	Stopped listening on port 64846
1666452489765	geckodriver	INFO	Listening on 127.0.0.1:64880
1666452490776	mozrunner::runner	INFO	Running command: "/Applications/Firefox.app/Contents/MacOS/firefox-bin" "--marionette" "-foreground" "-no-remote" "-profile" "/var/folders/np/s0xkx4r97_v77c5zr64r0fdm0000gn/T/rust_mozprofileRLXx7S"
2022-10-22 18:28:11.022 plugin-container[6669:441932] nil host used in call to allowsSpecificHTTPSCertificateForHost
2022-10-22 18:28:11.023 plugin-container[6669:441932] nil host used in call to allowsAnyHTTPSCertificateForHost:
2022-10-22 18:28:11.024 plugin-container[6669:441932] nil host used in call to allowsSpecificHTTPSCertificateForHost
2022-10-22 18:28:11.024 plugin-container[6669:441932] nil host used in call to allowsAnyHTTPSCertificateForHost:
2022-10-22 18:28:11.024 plugin-container[6669:441939] nil host used in call to allowsSpecificHTTPSCertificateForHost
2022-10-22 18:28:11.024 plugin-container[6669:441939] nil host used in call to allowsAnyHTTPSCertificateForHost:
1666452491027	Marionette	INFO	Marionette enabled
1666452491048	Marionette	INFO	Listening on port 64891
Read port: 64891
1666452491154	RemoteAgent	WARN	TLS certificate errors will be ignored for this session
UNSUPPORTED (log once): POSSIBLE ISSUE: unit 1 GLD_TEXTURE_INDEX_2D is unloadable and bound to sampler type (Float) - using zero texture because texture unloadable
console.warn: SearchSettings: "get: No settings file exists, new profile?" (new NotFoundError("Could not open the file at /var/folders/np/s0xkx4r97_v77c5zr64r0fdm0000gn/T/rust_mozprofileRLXx7S/search.json.mozlz4", (void 0)))
JavaScript error: http://selenium1py.pythonanywhere.com/en-gb/accounts/login/, line 624: ReferenceError: oscar is not defined
1666452493004	Marionette	INFO	Stopped listening on port 64891
1666452494191	geckodriver	INFO	Listening on 127.0.0.1:64927
1666452495198	mozrunner::runner	INFO	Running command: "/Applications/Firefox.app/Contents/MacOS/firefox-bin" "--marionette" "-foreground" "-no-remote" "-profile" "/var/folders/np/s0xkx4r97_v77c5zr64r0fdm0000gn/T/rust_mozprofileCqgoYd"
2022-10-22 18:28:15.446 plugin-container[6679:442200] nil host used in call to allowsSpecificHTTPSCertificateForHost
2022-10-22 18:28:15.446 plugin-container[6679:442200] nil host used in call to allowsAnyHTTPSCertificateForHost:
2022-10-22 18:28:15.448 plugin-container[6679:442200] nil host used in call to allowsSpecificHTTPSCertificateForHost
2022-10-22 18:28:15.448 plugin-container[6679:442200] nil host used in call to allowsAnyHTTPSCertificateForHost:
2022-10-22 18:28:15.448 plugin-container[6679:442207] nil host used in call to allowsSpecificHTTPSCertificateForHost
2022-10-22 18:28:15.448 plugin-container[6679:442207] nil host used in call to allowsAnyHTTPSCertificateForHost:
1666452495450	Marionette	INFO	Marionette enabled
1666452495472	Marionette	INFO	Listening on port 64938
Read port: 64938
1666452495572	RemoteAgent	WARN	TLS certificate errors will be ignored for this session
UNSUPPORTED (log once): POSSIBLE ISSUE: unit 1 GLD_TEXTURE_INDEX_2D is unloadable and bound to sampler type (Float) - using zero texture because texture unloadable
console.warn: SearchSettings: "get: No settings file exists, new profile?" (new NotFoundError("Could not open the file at /var/folders/np/s0xkx4r97_v77c5zr64r0fdm0000gn/T/rust_mozprofileCqgoYd/search.json.mozlz4", (void 0)))
JavaScript error: http://selenium1py.pythonanywhere.com/en-gb/accounts/login/, line 624: ReferenceError: oscar is not defined
1666452497340	Marionette	INFO	Stopped listening on port 64938
1666452574869	geckodriver	INFO	Listening on 127.0.0.1:64971
1666452574875	mozrunner::runner	INFO	Running command: "/Applications/Firefox.app/Contents/MacOS/firefox-bin" "--marionette" "-foreground" "-no-remote" "-profile" "/var/folders/np/s0xkx4r97_v77c5zr64r0fdm0000gn/T/rust_mozprofiler8uQT8"
2022-10-22 18:29:35.121 plugin-container[6699:443104] nil host used in call to allowsSpecificHTTPSCertificateForHost
2022-10-22 18:29:35.121 plugin-container[6699:443104] nil host used in call to allowsAnyHTTPSCertificateForHost:
2022-10-22 18:29:35.123 plugin-container[6699:443104] nil host used in call to allowsSpecificHTTPSCertificateForHost
2022-10-22 18:29:35.123 plugin-container[6699:443104] nil host used in call to allowsAnyHTTPSCertificateForHost:
2022-10-22 18:29:35.123 plugin-container[6699:443106] nil host used in call to allowsSpecificHTTPSCertificateForHost
2022-10-22 18:29:35.123 plugin-container[6699:443106] nil host used in call to allowsAnyHTTPSCertificateForHost:
1666452575126	Marionette	INFO	Marionette enabled
1666452575148	Marionette	INFO	Listening on port 64980
Read port: 64980
1666452575247	RemoteAgent	WARN	TLS certificate errors will be ignored for this session
UNSUPPORTED (log once): POSSIBLE ISSUE: unit 1 GLD_TEXTURE_INDEX_2D is unloadable and bound to sampler type (Float) - using zero texture because texture unloadable
console.warn: SearchSettings: "get: No settings file exists, new profile?" (new NotFoundError("Could not open the file at /var/folders/np/s0xkx4r97_v77c5zr64r0fdm0000gn/T/rust_mozprofiler8uQT8/search.json.mozlz4", (void 0)))
JavaScript error: http://selenium1py.pythonanywhere.com/ru/catalogue/the-shellcoders-handbook_209/?promo=midsummer, line 614: ReferenceError: oscar is not defined
1666452577247	Marionette	INFO	Stopped listening on port 64980
1666452578215	geckodriver	INFO	Listening on 127.0.0.1:65022
1666452579224	mozrunner::runner	INFO	Running command: "/Applications/Firefox.app/Contents/MacOS/firefox-bin" "--marionette" "-foreground" "-no-remote" "-profile" "/var/folders/np/s0xkx4r97_v77c5zr64r0fdm0000gn/T/rust_mozprofileDdGywX"
2022-10-22 18:29:39.474 plugin-container[6711:443450] nil host used in call to allowsSpecificHTTPSCertificateForHost
2022-10-22 18:29:39.474 plugin-container[6711:443450] nil host used in call to allowsAnyHTTPSCertificateForHost:
2022-10-22 18:29:39.476 plugin-container[6711:443450] nil host used in call to allowsSpecificHTTPSCertificateForHost
2022-10-22 18:29:39.476 plugin-container[6711:443450] nil host used in call to allowsAnyHTTPSCertificateForHost:
2022-10-22 18:29:39.476 plugin-container[6711:443452] nil host used in call to allowsSpecificHTTPSCertificateForHost
2022-10-22 18:29:39.476 plugin-container[6711:443452] nil host used in call to allowsAnyHTTPSCertificateForHost:
1666452579481	Marionette	INFO	Marionette enabled
1666452579503	Marionette	INFO	Listening on port 65033
Read port: 65033
1666452579599	RemoteAgent	WARN	TLS certificate errors will be ignored for this session
UNSUPPORTED (log once): POSSIBLE ISSUE: unit 1 GLD_TEXTURE_INDEX_2D is unloadable and bound to sampler type (Float) - using zero texture because texture unloadable
console.warn: SearchSettings: "get: No settings file exists, new profile?" (new NotFoundError("Could not open the file at /var/folders/np/s0xkx4r97_v77c5zr64r0fdm0000gn/T/rust_mozprofileDdGywX/search.json.mozlz4", (void 0)))
JavaScript error: http://selenium1py.pythonanywhere.com/ru/catalogue/the-shellcoders-handbook_209/?promo=midsummer, line 614: ReferenceError: oscar is not defined
1666452581573	Marionette	INFO	Stopped listening on port 65033
1666453359139	geckodriver	INFO	Listening on 127.0.0.1:65306
1666453359144	mozrunner::runner	INFO	Running command: "/Applications/Firefox.app/Contents/MacOS/firefox-bin" "--marionette" "-foreground" "-no-remote" "-profile" "/var/folders/np/s0xkx4r97_v77c5zr64r0fdm0000gn/T/rust_mozprofileF1pe2L"
2022-10-22 18:42:39.462 plugin-container[7068:453847] nil host used in call to allowsSpecificHTTPSCertificateForHost
2022-10-22 18:42:39.462 plugin-container[7068:453847] nil host used in call to allowsAnyHTTPSCertificateForHost:
1666453359466	Marionette	INFO	Marionette enabled
2022-10-22 18:42:39.492 plugin-container[7068:453847] nil host used in call to allowsSpecificHTTPSCertificateForHost
2022-10-22 18:42:39.492 plugin-container[7068:453847] nil host used in call to allowsAnyHTTPSCertificateForHost:
2022-10-22 18:42:39.492 plugin-container[7068:453879] nil host used in call to allowsSpecificHTTPSCertificateForHost
2022-10-22 18:42:39.492 plugin-container[7068:453879] nil host used in call to allowsAnyHTTPSCertificateForHost:
1666453359602	Marionette	INFO	Listening on port 65315
Read port: 65315
1666453359752	RemoteAgent	WARN	TLS certificate errors will be ignored for this session
UNSUPPORTED (log once): POSSIBLE ISSUE: unit 1 GLD_TEXTURE_INDEX_2D is unloadable and bound to sampler type (Float) - using zero texture because texture unloadable
console.warn: SearchSettings: "get: No settings file exists, new profile?" (new NotFoundError("Could not open the file at /var/folders/np/s0xkx4r97_v77c5zr64r0fdm0000gn/T/rust_mozprofileF1pe2L/search.json.mozlz4", (void 0)))
JavaScript error: http://selenium1py.pythonanywhere.com/ru/catalogue/the-shellcoders-handbook_209/?promo=midsummer, line 614: ReferenceError: oscar is not defined
1666453362163	Marionette	INFO	Stopped listening on port 65315
1666453362636	geckodriver	INFO	Listening on 127.0.0.1:65370
1666453363643	mozrunner::runner	INFO	Running command: "/Applications/Firefox.app/Contents/MacOS/firefox-bin" "--marionette" "-foreground" "-no-remote" "-profile" "/var/folders/np/s0xkx4r97_v77c5zr64r0fdm0000gn/T/rust_mozprofileXbBpgt"
2022-10-22 18:42:43.888 plugin-container[7084:454264] nil host used in call to allowsSpecificHTTPSCertificateForHost
2022-10-22 18:42:43.889 plugin-container[7084:454264] nil host used in call to allowsAnyHTTPSCertificateForHost:
2022-10-22 18:42:43.890 plugin-container[7084:454264] nil host used in call to allowsSpecificHTTPSCertificateForHost
2022-10-22 18:42:43.890 plugin-container[7084:454264] nil host used in call to allowsAnyHTTPSCertificateForHost:
2022-10-22 18:42:43.890 plugin-container[7084:454270] nil host used in call to allowsSpecificHTTPSCertificateForHost
2022-10-22 18:42:43.891 plugin-container[7084:454270] nil host used in call to allowsAnyHTTPSCertificateForHost:
1666453363896	Marionette	INFO	Marionette enabled
1666453363919	Marionette	INFO	Listening on port 65381
Read port: 65381
1666453364028	RemoteAgent	WARN	TLS certificate errors will be ignored for this session
UNSUPPORTED (log once): POSSIBLE ISSUE: unit 1 GLD_TEXTURE_INDEX_2D is unloadable and bound to sampler type (Float) - using zero texture because texture unloadable
console.warn: SearchSettings: "get: No settings file exists, new profile?" (new NotFoundError("Could not open the file at /var/folders/np/s0xkx4r97_v77c5zr64r0fdm0000gn/T/rust_mozprofileXbBpgt/search.json.mozlz4", (void 0)))
JavaScript error: http://selenium1py.pythonanywhere.com/ru/catalogue/the-shellcoders-handbook_209/?promo=midsummer, line 614: ReferenceError: oscar is not defined
1666453366005	Marionette	INFO	Stopped listening on port 65381
1666453366990	geckodriver	INFO	Listening on 127.0.0.1:65425
1666453368001	mozrunner::runner	INFO	Running command: "/Applications/Firefox.app/Contents/MacOS/firefox-bin" "--marionette" "-foreground" "-no-remote" "-profile" "/var/folders/np/s0xkx4r97_v77c5zr64r0fdm0000gn/T/rust_mozprofileZUvDpj"
2022-10-22 18:42:48.245 plugin-container[7097:454694] nil host used in call to allowsSpecificHTTPSCertificateForHost
2022-10-22 18:42:48.245 plugin-container[7097:454694] nil host used in call to allowsAnyHTTPSCertificateForHost:
2022-10-22 18:42:48.247 plugin-container[7097:454694] nil host used in call to allowsSpecificHTTPSCertificateForHost
2022-10-22 18:42:48.247 plugin-container[7097:454694] nil host used in call to allowsAnyHTTPSCertificateForHost:
2022-10-22 18:42:48.247 plugin-container[7097:454720] nil host used in call to allowsSpecificHTTPSCertificateForHost
2022-10-22 18:42:48.247 plugin-container[7097:454720] nil host used in call to allowsAnyHTTPSCertificateForHost:
1666453368249	Marionette	INFO	Marionette enabled
1666453368272	Marionette	INFO	Listening on port 65436
Read port: 65436
1666453368374	RemoteAgent	WARN	TLS certificate errors will be ignored for this session
UNSUPPORTED (log once): POSSIBLE ISSUE: unit 1 GLD_TEXTURE_INDEX_2D is unloadable and bound to sampler type (Float) - using zero texture because texture unloadable
console.warn: SearchSettings: "get: No settings file exists, new profile?" (new NotFoundError("Could not open the file at /var/folders/np/s0xkx4r97_v77c5zr64r0fdm0000gn/T/rust_mozprofileZUvDpj/search.json.mozlz4", (void 0)))
JavaScript error: http://selenium1py.pythonanywhere.com/en-gb/accounts/login/, line 624: ReferenceError: oscar is not defined
1666453370134	Marionette	INFO	Stopped listening on port 65436
1666453371420	geckodriver	INFO	Listening on 127.0.0.1:65466
1666453372445	mozrunner::runner	INFO	Running command: "/Applications/Firefox.app/Contents/MacOS/firefox-bin" "--marionette" "-foreground" "-no-remote" "-profile" "/var/folders/np/s0xkx4r97_v77c5zr64r0fdm0000gn/T/rust_mozprofileKviEdD"
2022-10-22 18:42:52.710 plugin-container[7106:455032] nil host used in call to allowsSpecificHTTPSCertificateForHost
2022-10-22 18:42:52.710 plugin-container[7106:455032] nil host used in call to allowsAnyHTTPSCertificateForHost:
2022-10-22 18:42:52.712 plugin-container[7106:455032] nil host used in call to allowsSpecificHTTPSCertificateForHost
2022-10-22 18:42:52.712 plugin-container[7106:455032] nil host used in call to allowsAnyHTTPSCertificateForHost:
2022-10-22 18:42:52.712 plugin-container[7106:455029] nil host used in call to allowsSpecificHTTPSCertificateForHost
2022-10-22 18:42:52.712 plugin-container[7106:455029] nil host used in call to allowsAnyHTTPSCertificateForHost:
1666453372715	Marionette	INFO	Marionette enabled
1666453372734	Marionette	INFO	Listening on port 65477
Read port: 65477
1666453372887	RemoteAgent	WARN	TLS certificate errors will be ignored for this session
UNSUPPORTED (log once): POSSIBLE ISSUE: unit 1 GLD_TEXTURE_INDEX_2D is unloadable and bound to sampler type (Float) - using zero texture because texture unloadable
console.warn: SearchSettings: "get: No settings file exists, new profile?" (new NotFoundError("Could not open the file at /var/folders/np/s0xkx4r97_v77c5zr64r0fdm0000gn/T/rust_mozprofileKviEdD/search.json.mozlz4", (void 0)))
JavaScript error: http://selenium1py.pythonanywhere.com/en-gb/accounts/login/, line 624: ReferenceError: oscar is not defined
1666453374672	Marionette	INFO	Stopped listening on port 65477
1666453375867	geckodriver	INFO	Listening on 127.0.0.1:65510
1666453376895	mozrunner::runner	INFO	Running command: "/Applications/Firefox.app/Contents/MacOS/firefox-bin" "--marionette" "-foreground" "-no-remote" "-profile" "/var/folders/np/s0xkx4r97_v77c5zr64r0fdm0000gn/T/rust_mozprofile5ELLjY"
2022-10-22 18:42:57.164 plugin-container[7114:455352] nil host used in call to allowsSpecificHTTPSCertificateForHost
2022-10-22 18:42:57.164 plugin-container[7114:455352] nil host used in call to allowsAnyHTTPSCertificateForHost:
2022-10-22 18:42:57.166 plugin-container[7114:455352] nil host used in call to allowsSpecificHTTPSCertificateForHost
2022-10-22 18:42:57.166 plugin-container[7114:455352] nil host used in call to allowsAnyHTTPSCertificateForHost:
2022-10-22 18:42:57.166 plugin-container[7114:455357] nil host used in call to allowsSpecificHTTPSCertificateForHost
2022-10-22 18:42:57.166 plugin-container[7114:455357] nil host used in call to allowsAnyHTTPSCertificateForHost:
1666453377168	Marionette	INFO	Marionette enabled
1666453377189	Marionette	INFO	Listening on port 65521
Read port: 65521
1666453377286	RemoteAgent	WARN	TLS certificate errors will be ignored for this session
UNSUPPORTED (log once): POSSIBLE ISSUE: unit 1 GLD_TEXTURE_INDEX_2D is unloadable and bound to sampler type (Float) - using zero texture because texture unloadable
console.warn: SearchSettings: "get: No settings file exists, new profile?" (new NotFoundError("Could not open the file at /var/folders/np/s0xkx4r97_v77c5zr64r0fdm0000gn/T/rust_mozprofile5ELLjY/search.json.mozlz4", (void 0)))
JavaScript error: http://selenium1py.pythonanywhere.com/en-gb/accounts/login/, line 624: ReferenceError: oscar is not defined
1666453379131	Marionette	INFO	Stopped listening on port 65521
console.error: Region.jsm: "Error fetching region" (new TypeError("NetworkError when attempting to fetch resource.", ""))
console.error: Region.jsm: "Failed to fetch region" (new Error("NO_RESULT", "resource://gre/modules/Region.jsm", 420))
1666453495887	geckodriver	INFO	Listening on 127.0.0.1:49204
1666453495892	mozrunner::runner	INFO	Running command: "/Applications/Firefox.app/Contents/MacOS/firefox-bin" "--marionette" "-foreground" "-no-remote" "-profile" "/var/folders/np/s0xkx4r97_v77c5zr64r0fdm0000gn/T/rust_mozprofile5qU3jO"
2022-10-22 18:44:56.134 plugin-container[7169:457908] nil host used in call to allowsSpecificHTTPSCertificateForHost
2022-10-22 18:44:56.134 plugin-container[7169:457908] nil host used in call to allowsAnyHTTPSCertificateForHost:
2022-10-22 18:44:56.136 plugin-container[7169:457908] nil host used in call to allowsSpecificHTTPSCertificateForHost
2022-10-22 18:44:56.136 plugin-container[7169:457908] nil host used in call to allowsAnyHTTPSCertificateForHost:
2022-10-22 18:44:56.136 plugin-container[7169:457917] nil host used in call to allowsSpecificHTTPSCertificateForHost
2022-10-22 18:44:56.136 plugin-container[7169:457917] nil host used in call to allowsAnyHTTPSCertificateForHost:
1666453496143	Marionette	INFO	Marionette enabled
1666453496165	Marionette	INFO	Listening on port 49213
Read port: 49213
1666453496276	RemoteAgent	WARN	TLS certificate errors will be ignored for this session
UNSUPPORTED (log once): POSSIBLE ISSUE: unit 1 GLD_TEXTURE_INDEX_2D is unloadable and bound to sampler type (Float) - using zero texture because texture unloadable
console.warn: SearchSettings: "get: No settings file exists, new profile?" (new NotFoundError("Could not open the file at /var/folders/np/s0xkx4r97_v77c5zr64r0fdm0000gn/T/rust_mozprofile5qU3jO/search.json.mozlz4", (void 0)))
JavaScript error: http://selenium1py.pythonanywhere.com/ru/catalogue/the-shellcoders-handbook_209/?promo=midsummer, line 614: ReferenceError: oscar is not defined
1666453498667	Marionette	INFO	Stopped listening on port 49213
1666453499337	geckodriver	INFO	Listening on 127.0.0.1:49257
1666453500353	mozrunner::runner	INFO	Running command: "/Applications/Firefox.app/Contents/MacOS/firefox-bin" "--marionette" "-foreground" "-no-remote" "-profile" "/var/folders/np/s0xkx4r97_v77c5zr64r0fdm0000gn/T/rust_mozprofileJbKWTu"
2022-10-22 18:45:00.607 plugin-container[7178:458318] nil host used in call to allowsSpecificHTTPSCertificateForHost
2022-10-22 18:45:00.608 plugin-container[7178:458318] nil host used in call to allowsAnyHTTPSCertificateForHost:
2022-10-22 18:45:00.611 plugin-container[7178:458318] nil host used in call to allowsSpecificHTTPSCertificateForHost
2022-10-22 18:45:00.611 plugin-container[7178:458318] nil host used in call to allowsAnyHTTPSCertificateForHost:
2022-10-22 18:45:00.611 plugin-container[7178:458316] nil host used in call to allowsSpecificHTTPSCertificateForHost
2022-10-22 18:45:00.611 plugin-container[7178:458316] nil host used in call to allowsAnyHTTPSCertificateForHost:
1666453500612	Marionette	INFO	Marionette enabled
1666453500633	Marionette	INFO	Listening on port 49268
Read port: 49268
1666453500729	RemoteAgent	WARN	TLS certificate errors will be ignored for this session
UNSUPPORTED (log once): POSSIBLE ISSUE: unit 1 GLD_TEXTURE_INDEX_2D is unloadable and bound to sampler type (Float) - using zero texture because texture unloadable
console.warn: SearchSettings: "get: No settings file exists, new profile?" (new NotFoundError("Could not open the file at /var/folders/np/s0xkx4r97_v77c5zr64r0fdm0000gn/T/rust_mozprofileJbKWTu/search.json.mozlz4", (void 0)))
JavaScript error: http://selenium1py.pythonanywhere.com/ru/catalogue/the-shellcoders-handbook_209/?promo=midsummer, line 614: ReferenceError: oscar is not defined
1666453503014	Marionette	INFO	Stopped listening on port 49268
1666453503786	geckodriver	INFO	Listening on 127.0.0.1:49317
1666453504799	mozrunner::runner	INFO	Running command: "/Applications/Firefox.app/Contents/MacOS/firefox-bin" "--marionette" "-foreground" "-no-remote" "-profile" "/var/folders/np/s0xkx4r97_v77c5zr64r0fdm0000gn/T/rust_mozprofile2Wfycg"
2022-10-22 18:45:05.040 plugin-container[7188:458625] nil host used in call to allowsSpecificHTTPSCertificateForHost
2022-10-22 18:45:05.040 plugin-container[7188:458625] nil host used in call to allowsAnyHTTPSCertificateForHost:
2022-10-22 18:45:05.042 plugin-container[7188:458625] nil host used in call to allowsSpecificHTTPSCertificateForHost
2022-10-22 18:45:05.042 plugin-container[7188:458625] nil host used in call to allowsAnyHTTPSCertificateForHost:
2022-10-22 18:45:05.042 plugin-container[7188:458633] nil host used in call to allowsSpecificHTTPSCertificateForHost
2022-10-22 18:45:05.042 plugin-container[7188:458633] nil host used in call to allowsAnyHTTPSCertificateForHost:
1666453505044	Marionette	INFO	Marionette enabled
1666453505066	Marionette	INFO	Listening on port 49328
Read port: 49328
1666453505173	RemoteAgent	WARN	TLS certificate errors will be ignored for this session
UNSUPPORTED (log once): POSSIBLE ISSUE: unit 1 GLD_TEXTURE_INDEX_2D is unloadable and bound to sampler type (Float) - using zero texture because texture unloadable
console.warn: SearchSettings: "get: No settings file exists, new profile?" (new NotFoundError("Could not open the file at /var/folders/np/s0xkx4r97_v77c5zr64r0fdm0000gn/T/rust_mozprofile2Wfycg/search.json.mozlz4", (void 0)))
JavaScript error: http://selenium1py.pythonanywhere.com/en-gb/accounts/login/, line 624: ReferenceError: oscar is not defined
1666453506998	Marionette	INFO	Stopped listening on port 49328
1666453508190	geckodriver	INFO	Listening on 127.0.0.1:49359
1666453509200	mozrunner::runner	INFO	Running command: "/Applications/Firefox.app/Contents/MacOS/firefox-bin" "--marionette" "-foreground" "-no-remote" "-profile" "/var/folders/np/s0xkx4r97_v77c5zr64r0fdm0000gn/T/rust_mozprofileaKg5m6"
2022-10-22 18:45:09.440 plugin-container[7196:458898] nil host used in call to allowsSpecificHTTPSCertificateForHost
2022-10-22 18:45:09.441 plugin-container[7196:458898] nil host used in call to allowsAnyHTTPSCertificateForHost:
2022-10-22 18:45:09.442 plugin-container[7196:458898] nil host used in call to allowsSpecificHTTPSCertificateForHost
2022-10-22 18:45:09.442 plugin-container[7196:458898] nil host used in call to allowsAnyHTTPSCertificateForHost:
2022-10-22 18:45:09.443 plugin-container[7196:458903] nil host used in call to allowsSpecificHTTPSCertificateForHost
2022-10-22 18:45:09.443 plugin-container[7196:458903] nil host used in call to allowsAnyHTTPSCertificateForHost:
1666453509444	Marionette	INFO	Marionette enabled
1666453509468	Marionette	INFO	Listening on port 49370
Read port: 49370
1666453509569	RemoteAgent	WARN	TLS certificate errors will be ignored for this session
UNSUPPORTED (log once): POSSIBLE ISSUE: unit 1 GLD_TEXTURE_INDEX_2D is unloadable and bound to sampler type (Float) - using zero texture because texture unloadable
console.warn: SearchSettings: "get: No settings file exists, new profile?" (new NotFoundError("Could not open the file at /var/folders/np/s0xkx4r97_v77c5zr64r0fdm0000gn/T/rust_mozprofileaKg5m6/search.json.mozlz4", (void 0)))
JavaScript error: http://selenium1py.pythonanywhere.com/en-gb/accounts/login/, line 624: ReferenceError: oscar is not defined
1666453511383	Marionette	INFO	Stopped listening on port 49370
1666453512573	geckodriver	INFO	Listening on 127.0.0.1:49405
1666453513583	mozrunner::runner	INFO	Running command: "/Applications/Firefox.app/Contents/MacOS/firefox-bin" "--marionette" "-foreground" "-no-remote" "-profile" "/var/folders/np/s0xkx4r97_v77c5zr64r0fdm0000gn/T/rust_mozprofilePn6lh7"
2022-10-22 18:45:13.818 plugin-container[7204:459183] nil host used in call to allowsSpecificHTTPSCertificateForHost
2022-10-22 18:45:13.819 plugin-container[7204:459183] nil host used in call to allowsAnyHTTPSCertificateForHost:
2022-10-22 18:45:13.821 plugin-container[7204:459183] nil host used in call to allowsSpecificHTTPSCertificateForHost
2022-10-22 18:45:13.821 plugin-container[7204:459183] nil host used in call to allowsAnyHTTPSCertificateForHost:
2022-10-22 18:45:13.821 plugin-container[7204:459208] nil host used in call to allowsSpecificHTTPSCertificateForHost
2022-10-22 18:45:13.821 plugin-container[7204:459208] nil host used in call to allowsAnyHTTPSCertificateForHost:
1666453513825	Marionette	INFO	Marionette enabled
1666453513847	Marionette	INFO	Listening on port 49416
Read port: 49416
1666453513950	RemoteAgent	WARN	TLS certificate errors will be ignored for this session
UNSUPPORTED (log once): POSSIBLE ISSUE: unit 1 GLD_TEXTURE_INDEX_2D is unloadable and bound to sampler type (Float) - using zero texture because texture unloadable
console.warn: SearchSettings: "get: No settings file exists, new profile?" (new NotFoundError("Could not open the file at /var/folders/np/s0xkx4r97_v77c5zr64r0fdm0000gn/T/rust_mozprofilePn6lh7/search.json.mozlz4", (void 0)))
JavaScript error: http://selenium1py.pythonanywhere.com/en-gb/accounts/login/, line 624: ReferenceError: oscar is not defined
1666453515782	Marionette	INFO	Stopped listening on port 49416
1666533122004	geckodriver	INFO	Listening on 127.0.0.1:49598
1666533123001	mozrunner::runner	INFO	Running command: "/Applications/Firefox.app/Contents/MacOS/firefox-bin" "--marionette" "-foreground" "-no-remote" "-profile" "/var/folders/np/s0xkx4r97_v77c5zr64r0fdm0000gn/T/rust_mozprofile9dEGjy"
2022-10-23 16:52:03.390 plugin-container[1074:27353] nil host used in call to allowsSpecificHTTPSCertificateForHost
2022-10-23 16:52:03.391 plugin-container[1074:27353] nil host used in call to allowsAnyHTTPSCertificateForHost:
2022-10-23 16:52:03.400 plugin-container[1074:27353] nil host used in call to allowsSpecificHTTPSCertificateForHost
2022-10-23 16:52:03.400 plugin-container[1074:27353] nil host used in call to allowsAnyHTTPSCertificateForHost:
2022-10-23 16:52:03.400 plugin-container[1074:27351] nil host used in call to allowsSpecificHTTPSCertificateForHost
2022-10-23 16:52:03.400 plugin-container[1074:27351] nil host used in call to allowsAnyHTTPSCertificateForHost:
1666533123402	Marionette	INFO	Marionette enabled
1666533123428	Marionette	INFO	Listening on port 49609
Read port: 49609
1666533123611	RemoteAgent	WARN	TLS certificate errors will be ignored for this session
UNSUPPORTED (log once): POSSIBLE ISSUE: unit 1 GLD_TEXTURE_INDEX_2D is unloadable and bound to sampler type (Float) - using zero texture because texture unloadable
console.warn: SearchSettings: "get: No settings file exists, new profile?" (new NotFoundError("Could not open the file at /var/folders/np/s0xkx4r97_v77c5zr64r0fdm0000gn/T/rust_mozprofile9dEGjy/search.json.mozlz4", (void 0)))
JavaScript error: http://selenium1py.pythonanywhere.com/ru/catalogue/the-shellcoders-handbook_209/?promo=midsummer, line 614: ReferenceError: oscar is not defined
1666533125998	Marionette	INFO	Stopped listening on port 49609
1666533126562	geckodriver	INFO	Listening on 127.0.0.1:49652
1666533127570	mozrunner::runner	INFO	Running command: "/Applications/Firefox.app/Contents/MacOS/firefox-bin" "--marionette" "-foreground" "-no-remote" "-profile" "/var/folders/np/s0xkx4r97_v77c5zr64r0fdm0000gn/T/rust_mozprofiley5xu2s"
2022-10-23 16:52:07.804 plugin-container[1087:27749] nil host used in call to allowsSpecificHTTPSCertificateForHost
2022-10-23 16:52:07.804 plugin-container[1087:27749] nil host used in call to allowsAnyHTTPSCertificateForHost:
2022-10-23 16:52:07.806 plugin-container[1087:27749] nil host used in call to allowsSpecificHTTPSCertificateForHost
2022-10-23 16:52:07.806 plugin-container[1087:27749] nil host used in call to allowsAnyHTTPSCertificateForHost:
2022-10-23 16:52:07.806 plugin-container[1087:27757] nil host used in call to allowsSpecificHTTPSCertificateForHost
2022-10-23 16:52:07.806 plugin-container[1087:27757] nil host used in call to allowsAnyHTTPSCertificateForHost:
1666533127809	Marionette	INFO	Marionette enabled
1666533127831	Marionette	INFO	Listening on port 49663
Read port: 49663
1666533127936	RemoteAgent	WARN	TLS certificate errors will be ignored for this session
UNSUPPORTED (log once): POSSIBLE ISSUE: unit 1 GLD_TEXTURE_INDEX_2D is unloadable and bound to sampler type (Float) - using zero texture because texture unloadable
console.warn: SearchSettings: "get: No settings file exists, new profile?" (new NotFoundError("Could not open the file at /var/folders/np/s0xkx4r97_v77c5zr64r0fdm0000gn/T/rust_mozprofiley5xu2s/search.json.mozlz4", (void 0)))
JavaScript error: http://selenium1py.pythonanywhere.com/ru/catalogue/the-shellcoders-handbook_209/?promo=midsummer, line 614: ReferenceError: oscar is not defined
1666533130269	Marionette	INFO	Stopped listening on port 49663
1666533130936	geckodriver	INFO	Listening on 127.0.0.1:49722
1666533188450	geckodriver	INFO	Listening on 127.0.0.1:49746
1666533188456	mozrunner::runner	INFO	Running command: "/Applications/Firefox.app/Contents/MacOS/firefox-bin" "--marionette" "-foreground" "-no-remote" "-profile" "/var/folders/np/s0xkx4r97_v77c5zr64r0fdm0000gn/T/rust_mozprofile5rSkPF"
2022-10-23 16:53:08.686 plugin-container[1156:28646] nil host used in call to allowsSpecificHTTPSCertificateForHost
2022-10-23 16:53:08.687 plugin-container[1156:28646] nil host used in call to allowsAnyHTTPSCertificateForHost:
2022-10-23 16:53:08.689 plugin-container[1156:28646] nil host used in call to allowsSpecificHTTPSCertificateForHost
2022-10-23 16:53:08.689 plugin-container[1156:28646] nil host used in call to allowsAnyHTTPSCertificateForHost:
2022-10-23 16:53:08.689 plugin-container[1156:28657] nil host used in call to allowsSpecificHTTPSCertificateForHost
2022-10-23 16:53:08.689 plugin-container[1156:28657] nil host used in call to allowsAnyHTTPSCertificateForHost:
1666533188691	Marionette	INFO	Marionette enabled
1666533188714	Marionette	INFO	Listening on port 49751
Read port: 49751
1666533188884	RemoteAgent	WARN	TLS certificate errors will be ignored for this session
UNSUPPORTED (log once): POSSIBLE ISSUE: unit 1 GLD_TEXTURE_INDEX_2D is unloadable and bound to sampler type (Float) - using zero texture because texture unloadable
console.warn: SearchSettings: "get: No settings file exists, new profile?" (new NotFoundError("Could not open the file at /var/folders/np/s0xkx4r97_v77c5zr64r0fdm0000gn/T/rust_mozprofile5rSkPF/search.json.mozlz4", (void 0)))
JavaScript error: http://selenium1py.pythonanywhere.com/ru/catalogue/the-shellcoders-handbook_209/?promo=midsummer, line 614: ReferenceError: oscar is not defined
1666533191017	Marionette	INFO	Stopped listening on port 49751
1666533191793	geckodriver	INFO	Listening on 127.0.0.1:49803
1666533192803	mozrunner::runner	INFO	Running command: "/Applications/Firefox.app/Contents/MacOS/firefox-bin" "--marionette" "-foreground" "-no-remote" "-profile" "/var/folders/np/s0xkx4r97_v77c5zr64r0fdm0000gn/T/rust_mozprofilewlwlAK"
2022-10-23 16:53:13.036 plugin-container[1167:29001] nil host used in call to allowsSpecificHTTPSCertificateForHost
2022-10-23 16:53:13.036 plugin-container[1167:29001] nil host used in call to allowsAnyHTTPSCertificateForHost:
2022-10-23 16:53:13.038 plugin-container[1167:29001] nil host used in call to allowsSpecificHTTPSCertificateForHost
2022-10-23 16:53:13.038 plugin-container[1167:29001] nil host used in call to allowsAnyHTTPSCertificateForHost:
2022-10-23 16:53:13.038 plugin-container[1167:28999] nil host used in call to allowsSpecificHTTPSCertificateForHost
2022-10-23 16:53:13.038 plugin-container[1167:28999] nil host used in call to allowsAnyHTTPSCertificateForHost:
1666533193042	Marionette	INFO	Marionette enabled
1666533193064	Marionette	INFO	Listening on port 49810
Read port: 49810
1666533193168	RemoteAgent	WARN	TLS certificate errors will be ignored for this session
UNSUPPORTED (log once): POSSIBLE ISSUE: unit 1 GLD_TEXTURE_INDEX_2D is unloadable and bound to sampler type (Float) - using zero texture because texture unloadable
console.warn: SearchSettings: "get: No settings file exists, new profile?" (new NotFoundError("Could not open the file at /var/folders/np/s0xkx4r97_v77c5zr64r0fdm0000gn/T/rust_mozprofilewlwlAK/search.json.mozlz4", (void 0)))
JavaScript error: http://selenium1py.pythonanywhere.com/ru/catalogue/the-shellcoders-handbook_209/?promo=midsummer, line 614: ReferenceError: oscar is not defined
1666533195275	Marionette	INFO	Stopped listening on port 49810
